<?xml version="1.0" encoding="UTF-8"?>
<testsuite xmlns:xsi="http://www.w3.org/2001/XMLSchema-instance" xsi:noNamespaceSchemaLocation="https://maven.apache.org/surefire/maven-surefire-plugin/xsd/surefire-test-report-3.0.xsd" version="3.0" name="com.jjenus.tracker.alerting.application.AlertingEngineTest" time="2.763" tests="19" errors="0" skipped="0" failures="0">
  <properties>
[...]
</properties>
  <testcase name="testProcessVehicleUpdateWithNoRules" classname="com.jjenus.tracker.alerting.application.AlertingEngineTest" time="2.24"/>
  <testcase name="testClearRules" classname="com.jjenus.tracker.alerting.application.AlertingEngineTest" time="0.166">
    <system-out><![CDATA[Registered rule: Rule 1
Registered rule: Rule 2
Cleared all alert rules
]]></system-out>
  </testcase>
  <testcase name="testUnexpectedExceptionHandling" classname="com.jjenus.tracker.alerting.application.AlertingEngineTest" time="0.04">
    <system-out><![CDATA[Registered rule: Error Rule
]]></system-out>
    <system-err><![CDATA[Unexpected error evaluating rule ERROR_RULE: Unexpected error
]]></system-err>
  </testcase>
  <testcase name="testRealRuleIntegration" classname="com.jjenus.tracker.alerting.application.AlertingEngineTest" time="0.027">
    <system-out><![CDATA[Registered rule: Maximum Speed Rule
Alert triggered: SPEED_100 for vehicle VEH-001
]]></system-out>
  </testcase>
  <testcase name="testProcessVehicleUpdateWithDisabledRule" classname="com.jjenus.tracker.alerting.application.AlertingEngineTest" time="0.014">
    <system-out><![CDATA[Registered rule: Disabled Rule
]]></system-out>
  </testcase>
  <testcase name="testRegisterRule" classname="com.jjenus.tracker.alerting.application.AlertingEngineTest" time="0.012">
    <system-out><![CDATA[Registered rule: Test Rule
]]></system-out>
  </testcase>
  <testcase name="testProcessVehicleUpdateRulePriorityOrder" classname="com.jjenus.tracker.alerting.application.AlertingEngineTest" time="0.041">
    <system-out><![CDATA[Registered rule: Low Priority Rule
Registered rule: High Priority Rule
Alert triggered: TEST for vehicle VEH-001
Alert triggered: TEST for vehicle VEH-001
]]></system-out>
  </testcase>
  <testcase name="testRegisterRuleNull" classname="com.jjenus.tracker.alerting.application.AlertingEngineTest" time="0.012"/>
  <testcase name="testProcessVehicleUpdateWithMultipleRules" classname="com.jjenus.tracker.alerting.application.AlertingEngineTest" time="0.018">
    <system-out><![CDATA[Registered rule: Rule 1
Registered rule: Rule 2
Alert triggered: RULE_1 for vehicle VEH-001
Alert triggered: RULE_2 for vehicle VEH-001
]]></system-out>
  </testcase>
  <testcase name="testGetActiveRulesReturnsCopy" classname="com.jjenus.tracker.alerting.application.AlertingEngineTest" time="0.012">
    <system-out><![CDATA[Registered rule: Test Rule
]]></system-out>
  </testcase>
  <testcase name="testUnregisterRule" classname="com.jjenus.tracker.alerting.application.AlertingEngineTest" time="0.009">
    <system-out><![CDATA[Registered rule: Test Rule
Unregistered rule: TEST_RULE
]]></system-out>
  </testcase>
  <testcase name="testRegisterRuleAlreadyExists" classname="com.jjenus.tracker.alerting.application.AlertingEngineTest" time="0.013">
    <system-out><![CDATA[Registered rule: Test Rule
]]></system-out>
  </testcase>
  <testcase name="testProcessVehicleUpdateWithNullVehicle" classname="com.jjenus.tracker.alerting.application.AlertingEngineTest" time="0.005"/>
  <testcase name="testUnregisterRuleNotFound" classname="com.jjenus.tracker.alerting.application.AlertingEngineTest" time="0.005"/>
  <testcase name="testRuleEvaluationExceptionHandling" classname="com.jjenus.tracker.alerting.application.AlertingEngineTest" time="0.012">
    <system-out><![CDATA[Registered rule: Error Rule
]]></system-out>
    <system-err><![CDATA[Alert evaluation error for rule ERROR_RULE: Evaluation failed
]]></system-err>
  </testcase>
  <testcase name="testProcessVehicleUpdateWithSingleRuleAlert" classname="com.jjenus.tracker.alerting.application.AlertingEngineTest" time="0.011">
    <system-out><![CDATA[Registered rule: Test Rule
Alert triggered: TEST_RULE for vehicle VEH-001
]]></system-out>
  </testcase>
  <testcase name="testProcessVehicleUpdateWithSingleRuleNoAlert" classname="com.jjenus.tracker.alerting.application.AlertingEngineTest" time="0.019">
    <system-out><![CDATA[Registered rule: Test Rule
]]></system-out>
  </testcase>
  <testcase name="testRegisterRuleInvalidConfiguration" classname="com.jjenus.tracker.alerting.application.AlertingEngineTest" time="0.007"/>
  <testcase name="testProcessVehicleUpdateWithNullLocation" classname="com.jjenus.tracker.alerting.application.AlertingEngineTest" time="0.006"/>
</testsuite>